<!DOCTYPE suite SYSTEM "http://testng.org/testng-1.0.dtd" >
<suite name="Suite1" verbose="1">
    <listeners>
        <listener class-name="org.uncommons.reportng.HTMLReporter"/>
        <listener class-name="org.uncommons.reportng.JUnitXMLReporter"/>
    </listeners>
    <test name="Regression Test Suite">
        <packages>
            <package name="org.muks.wimd.kdTree"/>
            <package name="org.muks.wimd.repository"/>
            <package name="org.muks.wimd.request.*"/>
            <package name="org.muks.wimd.response"/>
            <package name="org.muks.wimd.transportation"/>
        </packages>
    </test>
</suite>